e:\roboter neu\face\face\x64\debug\vc143.pdb
e:\roboter neu\face\face\x64\debug\vc143.idb
e:\roboter neu\face\face\x64\debug\robotface.obj
e:\roboter neu\face\face\x64\debug\mouth.obj
e:\roboter neu\face\face\x64\debug\main.obj
e:\roboter neu\face\face\x64\debug\eye.obj
e:\roboter neu\face\face\x64\debug\sleepingface.obj
e:\roboter neu\face\face\x64\debug\control.obj
e:\roboter neu\face\x64\debug\face.exe
e:\roboter neu\face\x64\debug\face.pdb
e:\roboter neu\face\face\x64\debug\face.ilk
e:\roboter neu\face\face\x64\debug\face.obj
e:\roboter neu\face\face\x64\debug\face.tlog\cl.command.1.tlog
e:\roboter neu\face\face\x64\debug\face.tlog\cl.items.tlog
e:\roboter neu\face\face\x64\debug\face.tlog\cl.read.1.tlog
e:\roboter neu\face\face\x64\debug\face.tlog\cl.write.1.tlog
e:\roboter neu\face\face\x64\debug\face.tlog\link.command.1.tlog
e:\roboter neu\face\face\x64\debug\face.tlog\link.read.1.tlog
e:\roboter neu\face\face\x64\debug\face.tlog\link.secondary.1.tlog
e:\roboter neu\face\face\x64\debug\face.tlog\link.write.1.tlog
